0 info it worked if it ends with ok
1 verbose cli [ 'C:\\Program Files\\nodejs\\node.exe',
1 verbose cli   'C:\\Program Files\\nodejs\\node_modules\\npm\\bin\\npm-cli.js',
1 verbose cli   'start' ]
2 info using npm@3.10.10
3 info using node@v6.10.3
4 verbose run-script [ 'prestart', 'start', 'poststart' ]
5 info lifecycle helloworld@0.0.0~prestart: helloworld@0.0.0
6 silly lifecycle helloworld@0.0.0~prestart: no script for prestart, continuing
7 info lifecycle helloworld@0.0.0~start: helloworld@0.0.0
8 verbose lifecycle helloworld@0.0.0~start: unsafe-perm in lifecycle true
9 verbose lifecycle helloworld@0.0.0~start: PATH: C:\Program Files\nodejs\node_modules\npm\bin\node-gyp-bin;F:\课程资料\Teacher\motao\20180426零基础_承龙班\20180730-ajax\helloworld\node_modules\.bin;C:\ProgramData\Oracle\Java\javapath;C:\Program Files (x86)\Common Files\NetSarang;C:\Program Files (x86)\AMD APP\bin\x86_64;C:\Program Files (x86)\AMD APP\bin\x86;C:\Windows\system32;C:\Windows;C:\Windows\System32\Wbem;C:\Windows\System32\WindowsPowerShell\v1.0\;C:\Program Files (x86)\ATI Technologies\ATI.ACE\Core-Static;E:\java\jdk\bin;E:\java\jdk\jre\bin;F:\课程资料\svn\bin;C:\;rogram Files\nodejs\;F:\Git\cmd;C:\Program Files\nodejs\;D:\yarn\bin;C:\Program Files\TortoiseGit\bin;E:\ide\Microsoft VS Code\bin;C:\Users\MT\AppData\Roaming\npm;C:\Users\MT\AppData\Local\GitHubDesktop\bin;C:\Users\MT\AppData\Local\Yarn\bin
10 verbose lifecycle helloworld@0.0.0~start: CWD: F:\课程资料\Teacher\motao\20180426零基础_承龙班\20180730-ajax\helloworld
11 silly lifecycle helloworld@0.0.0~start: Args: [ '/d /s /c', 'node ./bin/www' ]
12 verbose stack Error: kill ENOSYS
12 verbose stack     at exports._errnoException (util.js:1018:11)
12 verbose stack     at process.kill (internal/process.js:190:13)
12 verbose stack     at process.listener (C:\Program Files\nodejs\node_modules\npm\node_modules\npmlog\node_modules\gauge\node_modules\signal-exit\index.js:86:15)
12 verbose stack     at emitNone (events.js:91:20)
12 verbose stack     at process.emit (events.js:185:7)
12 verbose stack     at processEmit (C:\Program Files\nodejs\node_modules\npm\node_modules\npmlog\node_modules\gauge\node_modules\signal-exit\index.js:146:32)
12 verbose stack     at processEmit (C:\Program Files\nodejs\node_modules\npm\node_modules\npm-registry-client\node_modules\npmlog\node_modules\gauge\node_modules\signal-exit\index.js:146:32)
12 verbose stack     at Signal.wrap.onsignal (internal/process.js:217:44)
13 verbose cwd F:\课程资料\Teacher\motao\20180426零基础_承龙班\20180730-ajax\helloworld
14 error Windows_NT 6.1.7601
15 error argv "C:\\Program Files\\nodejs\\node.exe" "C:\\Program Files\\nodejs\\node_modules\\npm\\bin\\npm-cli.js" "start"
16 error node v6.10.3
17 error npm  v3.10.10
18 error code ENOSYS
19 error errno ENOSYS
20 error syscall kill
21 error kill ENOSYS
22 error If you need help, you may report this error at:
22 error     <https://github.com/npm/npm/issues>
23 verbose exit [ 1, true ]
